Build started 28.4.2015 г. 19:15:34.
     1>Project "D:\Documents\uni\ООП\hw1.2\hw1.2\hw1.2.vcxproj" on node 2 (Build target(s)).
     1>ClCompile:
         C:\Program Files (x86)\Microsoft Visual Studio 12.0\VC\bin\CL.exe /c /ZI /nologo /W3 /WX- /sdl /Od /Oy- /D _MBCS /Gm /EHsc /RTC1 /MDd /GS /fp:precise /Zc:wchar_t /Zc:forScope /Fo"Debug\\" /Fd"Debug\vc120.pdb" /Gd /TP /analyze- /errorReport:prompt list.cpp main.cpp
         main.cpp
         list.cpp
         Generating Code...
       Link:
         C:\Program Files (x86)\Microsoft Visual Studio 12.0\VC\bin\link.exe /ERRORREPORT:PROMPT /OUT:"D:\Documents\uni\ООП\hw1.2\Debug\hw1.2.exe" /INCREMENTAL /NOLOGO kernel32.lib user32.lib gdi32.lib winspool.lib comdlg32.lib advapi32.lib shell32.lib ole32.lib oleaut32.lib uuid.lib odbc32.lib odbccp32.lib /MANIFEST /MANIFESTUAC:"level='asInvoker' uiAccess='false'" /manifest:embed /DEBUG /PDB:"D:\Documents\uni\ООП\hw1.2\Debug\hw1.2.pdb" /TLBID:1 /DYNAMICBASE /NXCOMPAT /IMPLIB:"D:\Documents\uni\ООП\hw1.2\Debug\hw1.2.lib" /MACHINE:X86 Debug\list.obj
         Debug\main.obj
     1>LINK : fatal error LNK1168: cannot open D:\Documents\uni\ООП\hw1.2\Debug\hw1.2.exe for writing
     1>Done Building Project "D:\Documents\uni\ООП\hw1.2\hw1.2\hw1.2.vcxproj" (Build target(s)) -- FAILED.

Build FAILED.

Time Elapsed 00:00:02.88
